\BOOKMARK [1][-]{section.1}{\376\377\000I\000n\000t\000r\000o\000d\000u\000\347\000\343\000o}{}% 1
\BOOKMARK [1][-]{section.2}{\376\377\000A\000n\000\341\000l\000i\000s\000e\000\040\000d\000e\000\040\000R\000e\000q\000u\000i\000s\000i\000t\000o\000s}{}% 2
\BOOKMARK [2][-]{subsection.2.1}{\376\377\000C\000o\000n\000v\000e\000n\000\347\000\365\000e\000s\000,\000\040\000t\000e\000r\000m\000o\000s\000\040\000e\000\040\000a\000b\000r\000e\000v\000i\000a\000\347\000\365\000e\000s}{section.2}% 3
\BOOKMARK [3][-]{subsubsection.2.1.1}{\376\377\000I\000d\000e\000n\000t\000i\000f\000i\000c\000a\000\347\000\343\000o\000\040\000d\000o\000s\000\040\000R\000e\000q\000u\000i\000s\000i\000t\000o\000s}{subsection.2.1}% 4
\BOOKMARK [3][-]{subsubsection.2.1.2}{\376\377\000P\000r\000o\000p\000r\000i\000e\000d\000a\000d\000e\000s\000\040\000d\000o\000s\000\040\000r\000e\000q\000u\000i\000s\000i\000t\000o\000s}{subsection.2.1}% 5
\BOOKMARK [1][-]{section.3}{\376\377\000A\000n\000\341\000l\000i\000s\000e\000\040\000d\000e\000\040\000R\000e\000q\000u\000i\000s\000i\000t\000o\000s}{}% 6
\BOOKMARK [2][-]{subsection.3.1}{\376\377\000R\000e\000q\000u\000i\000s\000i\000t\000o\000s\000\040\000F\000u\000n\000c\000i\000o\000n\000a\000i\000s}{section.3}% 7
\BOOKMARK [3][-]{subsubsection.3.1.1}{\376\377\000[\000R\000F\0000\0001\000]\000\040\000[\000A\000q\000u\000i\000s\000i\000\347\000\343\000o\000\040\000d\000e\000\040\000D\000a\000d\000o\000s\000\040\000A\000m\000b\000i\000e\000n\000t\000a\000i\000s\000]}{subsection.3.1}% 8
\BOOKMARK [3][-]{subsubsection.3.1.2}{\376\377\000[\000R\000F\0000\0002\000]\000\040\000[\000D\000i\000s\000p\000o\000n\000i\000b\000i\000l\000i\000z\000a\000\347\000\343\000o\000\040\000d\000e\000\040\000D\000a\000d\000o\000s\000\040\000e\000m\000\040\000I\000n\000t\000e\000r\000f\000a\000c\000e\000\040\000W\000e\000b\000]}{subsection.3.1}% 9
\BOOKMARK [3][-]{subsubsection.3.1.3}{\376\377\000[\000R\000F\0000\0003\000]\000\040\000[\000A\000t\000u\000a\000l\000i\000z\000a\000\347\000\343\000o\000\040\000e\000m\000\040\000T\000e\000m\000p\000o\000\040\000R\000e\000a\000l\000]}{subsection.3.1}% 10
\BOOKMARK [3][-]{subsubsection.3.1.4}{\376\377\000[\000R\000F\0000\0004\000]\000\040\000[\000C\000o\000n\000t\000r\000o\000l\000e\000\040\000d\000e\000\040\000M\000o\000d\000o\000s\000\040\000d\000e\000\040\000O\000p\000e\000r\000a\000\347\000\343\000o\000]}{subsection.3.1}% 11
\BOOKMARK [3][-]{subsubsection.3.1.5}{\376\377\000[\000R\000F\0000\0005\000]\000\040\000[\000I\000n\000d\000i\000c\000a\000\347\000\343\000o\000\040\000V\000i\000s\000u\000a\000l\000\040\000d\000e\000\040\000E\000s\000t\000a\000d\000o\000]}{subsection.3.1}% 12
\BOOKMARK [3][-]{subsubsection.3.1.6}{\376\377\000[\000R\000F\0000\0006\000]\000\040\000[\000S\000i\000n\000c\000r\000o\000n\000i\000z\000a\000\347\000\343\000o\000\040\000I\000n\000t\000e\000r\000f\000a\000c\000e\000-\000H\000a\000r\000d\000w\000a\000r\000e\000]}{subsection.3.1}% 13
\BOOKMARK [3][-]{subsubsection.3.1.7}{\376\377\000[\000R\000F\0000\0007\000]\000\040\000[\000O\000p\000e\000r\000a\000\347\000\343\000o\000\040\000A\000u\000t\000o\000m\000\341\000t\000i\000c\000a\000\040\000C\000o\000n\000t\000\355\000n\000u\000a\000]}{subsection.3.1}% 14
\BOOKMARK [3][-]{subsubsection.3.1.8}{\376\377\000[\000R\000F\0000\0008\000]\000\040\000[\000O\000p\000e\000r\000a\000\347\000\343\000o\000\040\000A\000t\000i\000v\000a\000\040\000n\000o\000\040\000M\000o\000d\000o\000\040\000L\000i\000g\000a\000d\000o\000]}{subsection.3.1}% 15
\BOOKMARK [3][-]{subsubsection.3.1.9}{\376\377\000[\000R\000F\0000\0009\000]\000\040\000[\000D\000e\000s\000a\000t\000i\000v\000a\000\347\000\343\000o\000\040\000d\000o\000\040\000S\000i\000s\000t\000e\000m\000a\000]}{subsection.3.1}% 16
\BOOKMARK [3][-]{subsubsection.3.1.10}{\376\377\000[\000R\000F\0001\0000\000]\000\040\000[\000A\000t\000u\000a\000l\000i\000z\000a\000\347\000\343\000o\000\040\000D\000i\000n\000\342\000m\000i\000c\000a\000\040\000d\000a\000\040\000I\000n\000t\000e\000r\000f\000a\000c\000e\000]}{subsection.3.1}% 17
\BOOKMARK [3][-]{subsubsection.3.1.11}{\376\377\000[\000R\000F\0001\0001\000]\000\040\000[\000R\000e\000q\000u\000i\000s\000i\000\347\000\343\000o\000\040\000M\000a\000n\000u\000a\000l\000\040\000d\000e\000\040\000L\000e\000i\000t\000u\000r\000a\000s\000]}{subsection.3.1}% 18
\BOOKMARK [3][-]{subsubsection.3.1.12}{\376\377\000[\000R\000F\0001\0002\000]\000\040\000[\000R\000e\000g\000i\000s\000t\000r\000o\000\040\000d\000e\000\040\000H\000i\000s\000t\000\363\000r\000i\000c\000o\000\040\000d\000e\000\040\000D\000a\000d\000o\000s\000]}{subsection.3.1}% 19
\BOOKMARK [3][-]{subsubsection.3.1.13}{\376\377\000[\000R\000F\0001\0003\000]\000\040\000[\000P\000e\000r\000s\000i\000s\000t\000\352\000n\000c\000i\000a\000\040\000d\000e\000\040\000D\000a\000d\000o\000s\000\040\000e\000m\000\040\000m\000i\000c\000r\000o\000S\000D\000]}{subsection.3.1}% 20
\BOOKMARK [3][-]{subsubsection.3.1.14}{\376\377\000[\000R\000F\0001\0004\000]\000\040\000[\000C\000o\000n\000f\000i\000g\000u\000r\000a\000\347\000\343\000o\000\040\000d\000e\000\040\000L\000i\000m\000i\000t\000e\000s\000\040\000e\000\040\000A\000l\000e\000r\000t\000a\000s\000]}{subsection.3.1}% 21
\BOOKMARK [3][-]{subsubsection.3.1.15}{\376\377\000[\000R\000F\0001\0005\000]\000\040\000[\000P\000e\000r\000s\000i\000s\000t\000\352\000n\000c\000i\000a\000\040\000d\000e\000\040\000E\000s\000t\000a\000d\000o\000\040\000a\000p\000\363\000s\000\040\000R\000e\000i\000n\000i\000c\000i\000a\000l\000i\000z\000a\000\347\000\343\000o\000]}{subsection.3.1}% 22
\BOOKMARK [3][-]{subsubsection.3.1.16}{\376\377\000[\000R\000F\0001\0006\000]\000\040\000[\000C\000o\000n\000f\000i\000g\000u\000r\000a\000\347\000\343\000o\000\040\000d\000o\000\040\000I\000n\000t\000e\000r\000v\000a\000l\000o\000\040\000d\000e\000\040\000C\000o\000l\000e\000t\000a\000]}{subsection.3.1}% 23
\BOOKMARK [3][-]{subsubsection.3.1.17}{\376\377\000[\000R\000F\0001\0007\000]\000\040\000[\000N\000o\000t\000i\000f\000i\000c\000a\000\347\000\343\000o\000\040\000p\000o\000r\000\040\000E\000-\000m\000a\000i\000l\000]}{subsection.3.1}% 24
\BOOKMARK [3][-]{subsubsection.3.1.18}{\376\377\000[\000R\000F\0001\0008\000]\000\040\000[\000D\000i\000s\000p\000o\000n\000i\000b\000i\000l\000i\000z\000a\000\347\000\343\000o\000\040\000e\000m\000\040\000A\000p\000l\000i\000c\000a\000t\000i\000v\000o\000\040\000M\000o\000b\000i\000l\000e\000]}{subsection.3.1}% 25
\BOOKMARK [3][-]{subsubsection.3.1.19}{\376\377\000[\000R\000F\0001\0009\000]\000\040\000[\000S\000u\000p\000o\000r\000t\000e\000\040\000a\000\040\000M\000\372\000l\000t\000i\000p\000l\000o\000s\000\040\000D\000i\000s\000p\000o\000s\000i\000t\000i\000v\000o\000s\000]}{subsection.3.1}% 26
\BOOKMARK [2][-]{subsection.3.2}{\376\377\000R\000e\000q\000u\000i\000s\000i\000t\000o\000s\000\040\000N\000\343\000o\000\040\000F\000u\000n\000c\000i\000o\000n\000a\000i\000s}{section.3}% 27
\BOOKMARK [3][-]{subsubsection.3.2.1}{\376\377\000[\000N\000F\0000\0001\000]\000\040\000[\000B\000a\000i\000x\000a\000\040\000L\000a\000t\000\352\000n\000c\000i\000a\000\040\000d\000e\000\040\000A\000t\000u\000a\000l\000i\000z\000a\000\347\000\343\000o\000]}{subsection.3.2}% 28
\BOOKMARK [3][-]{subsubsection.3.2.2}{\376\377\000[\000N\000F\0000\0002\000]\000\040\000[\000C\000o\000n\000e\000c\000t\000i\000v\000i\000d\000a\000d\000e\000\040\000W\000i\000-\000F\000i\000]}{subsection.3.2}% 29
\BOOKMARK [3][-]{subsubsection.3.2.3}{\376\377\000[\000N\000F\0000\0003\000]\000\040\000[\000E\000s\000t\000a\000b\000i\000l\000i\000d\000a\000d\000e\000\040\000O\000p\000e\000r\000a\000c\000i\000o\000n\000a\000l\000]}{subsection.3.2}% 30
\BOOKMARK [3][-]{subsubsection.3.2.4}{\376\377\000[\000N\000F\0000\0004\000]\000\040\000[\000P\000r\000e\000c\000i\000s\000\343\000o\000\040\000d\000a\000s\000\040\000M\000e\000d\000i\000\347\000\365\000e\000s\000]}{subsection.3.2}% 31
\BOOKMARK [3][-]{subsubsection.3.2.5}{\376\377\000[\000N\000F\0000\0005\000]\000\040\000[\000C\000o\000m\000p\000a\000t\000i\000b\000i\000l\000i\000d\000a\000d\000e\000\040\000H\000a\000r\000d\000w\000a\000r\000e\000-\000S\000o\000f\000t\000w\000a\000r\000e\000]}{subsection.3.2}% 32
\BOOKMARK [3][-]{subsubsection.3.2.6}{\376\377\000[\000N\000F\0000\0006\000]\000\040\000[\000I\000n\000t\000e\000r\000a\000\347\000\343\000o\000\040\000e\000m\000\040\000M\000o\000d\000o\000\040\000L\000i\000g\000a\000d\000o\000]}{subsection.3.2}% 33
\BOOKMARK [3][-]{subsubsection.3.2.7}{\376\377\000[\000N\000F\0000\0007\000]\000\040\000[\000C\000a\000p\000a\000c\000i\000d\000a\000d\000e\000\040\000d\000e\000\040\000A\000r\000m\000a\000z\000e\000n\000a\000m\000e\000n\000t\000o\000]}{subsection.3.2}% 34
\BOOKMARK [3][-]{subsubsection.3.2.8}{\376\377\000[\000N\000F\0000\0008\000]\000\040\000[\000T\000e\000m\000p\000o\000\040\000d\000e\000\040\000R\000e\000s\000p\000o\000s\000t\000a\000\040\000d\000e\000\040\000A\000l\000e\000r\000t\000a\000s\000]}{subsection.3.2}% 35
\BOOKMARK [3][-]{subsubsection.3.2.9}{\376\377\000[\000N\000F\0000\0009\000]\000\040\000[\000I\000n\000t\000e\000g\000r\000i\000d\000a\000d\000e\000\040\000d\000o\000s\000\040\000D\000a\000d\000o\000s\000]}{subsection.3.2}% 36
\BOOKMARK [3][-]{subsubsection.3.2.10}{\376\377\000[\000N\000F\0001\0000\000]\000\040\000[\000S\000u\000p\000o\000r\000t\000e\000\040\000a\000\040\000M\000\372\000l\000t\000i\000p\000l\000o\000s\000\040\000A\000c\000e\000s\000s\000o\000s\000]}{subsection.3.2}% 37
\BOOKMARK [3][-]{subsubsection.3.2.11}{\376\377\000[\000N\000F\0001\0001\000]\000\040\000[\000R\000e\000c\000u\000p\000e\000r\000a\000\347\000\343\000o\000\040\000A\000u\000t\000o\000m\000\341\000t\000i\000c\000a\000\040\000d\000e\000\040\000F\000a\000l\000h\000a\000s\000]}{subsection.3.2}% 38
\BOOKMARK [3][-]{subsubsection.3.2.12}{\376\377\000[\000N\000F\0001\0002\000]\000\040\000[\000P\000e\000r\000s\000i\000s\000t\000\352\000n\000c\000i\000a\000\040\000d\000e\000\040\000C\000o\000n\000f\000i\000g\000u\000r\000a\000\347\000\365\000e\000s\000]}{subsection.3.2}% 39
\BOOKMARK [3][-]{subsubsection.3.2.13}{\376\377\000[\000N\000F\0001\0003\000]\000\040\000[\000A\000c\000e\000s\000s\000o\000\040\000R\000e\000m\000o\000t\000o\000]}{subsection.3.2}% 40
\BOOKMARK [3][-]{subsubsection.3.2.14}{\376\377\000[\000N\000F\0001\0004\000]\000\040\000[\000C\000o\000m\000p\000a\000t\000i\000b\000i\000l\000i\000d\000a\000d\000e\000\040\000M\000o\000b\000i\000l\000e\000]}{subsection.3.2}% 41
\BOOKMARK [1][-]{section.4}{\376\377\000F\000l\000u\000x\000o\000g\000r\000a\000m\000a\000\040\000d\000o\000\040\000S\000o\000f\000t\000w\000a\000r\000e}{}% 42
\BOOKMARK [1][-]{section.5}{\376\377\000D\000i\000a\000g\000r\000a\000m\000a\000\040\000d\000e\000\040\000B\000l\000o\000c\000o\000s}{}% 43
\BOOKMARK [1][-]{section.6}{\376\377\000M\000o\000d\000e\000l\000a\000g\000e\000m\000\040\000d\000o\000\040\000C\000i\000r\000c\000u\000i\000t\000o}{}% 44
\BOOKMARK [1][-]{section.7}{\376\377\000D\000e\000s\000c\000r\000i\000\347\000\343\000o\000\040\000d\000e\000\040\000H\000a\000r\000d\000w\000a\000r\000e}{}% 45
\BOOKMARK [2][-]{subsection.7.1}{\376\377\000A\000r\000q\000u\000i\000t\000e\000t\000u\000r\000a\000\040\000G\000e\000r\000a\000l}{section.7}% 46
\BOOKMARK [2][-]{subsection.7.2}{\376\377\000C\000o\000m\000p\000o\000n\000e\000n\000t\000e\000s\000\040\000e\000\040\000J\000u\000s\000t\000i\000f\000i\000c\000a\000t\000i\000v\000a\000s\000\040\000T\000\351\000c\000n\000i\000c\000a\000s}{section.7}% 47
\BOOKMARK [2][-]{subsection.7.3}{\376\377\000D\000i\000m\000e\000n\000s\000i\000o\000n\000a\000m\000e\000n\000t\000o\000\040\000e\000\040\000A\000l\000i\000m\000e\000n\000t\000a\000\347\000\343\000o}{section.7}% 48
\BOOKMARK [2][-]{subsection.7.4}{\376\377\000E\000s\000t\000r\000u\000t\000u\000r\000a\000\040\000F\000\355\000s\000i\000c\000a\000\040\000e\000\040\000M\000o\000n\000t\000a\000g\000e\000m}{section.7}% 49
\BOOKMARK [2][-]{subsection.7.5}{\376\377\000M\000a\000p\000a\000\040\000d\000e\000\040\000C\000o\000n\000e\000x\000\365\000e\000s\000\040\000\050\000P\000i\000n\000a\000g\000e\000m\000\040\000V\000a\000l\000i\000d\000a\000d\000a\000\051}{section.7}% 50
\BOOKMARK [1][-]{section.8}{\376\377\000D\000e\000s\000c\000r\000i\000c\000a\000o\000\040\000d\000e\000\040\000A\000l\000t\000o\000\040\000n\000\355\000v\000e\000l}{}% 51
\BOOKMARK [2][-]{subsection.8.1}{\376\377\000S\000u\000b\000s\000i\000s\000t\000e\000m\000a\000\040\000d\000e\000\040\000A\000l\000i\000m\000e\000n\000t\000a\000\347\000\343\000o\000\040\000e\000\040\000R\000e\000g\000u\000l\000a\000\347\000\343\000o}{section.8}% 52
\BOOKMARK [2][-]{subsection.8.2}{\376\377\000S\000u\000b\000s\000i\000s\000t\000e\000m\000a\000\040\000d\000e\000\040\000S\000e\000n\000s\000o\000r\000i\000a\000m\000e\000n\000t\000o\000\040\000e\000\040\000A\000r\000m\000a\000z\000e\000n\000a\000m\000e\000n\000t\000o}{section.8}% 53
\BOOKMARK [2][-]{subsection.8.3}{\376\377\000S\000u\000b\000s\000i\000s\000t\000e\000m\000a\000\040\000d\000e\000\040\000I\000n\000t\000e\000r\000f\000a\000c\000e\000\040\000e\000\040\000A\000t\000u\000a\000\347\000\343\000o}{section.8}% 54
\BOOKMARK [1][-]{section.9}{\376\377\000D\000e\000s\000c\000r\000i\000\347\000\343\000o\000\040\000d\000e\000\040\000F\000i\000r\000m\000w\000a\000r\000e}{}% 55
\BOOKMARK [1][-]{section.10}{\376\377\000B\000i\000l\000l\000\040\000o\000f\000\040\000M\000a\000t\000e\000r\000i\000a\000l\000s}{}% 56
\BOOKMARK [2][-]{subsection.10.1}{\376\377\000T\000o\000t\000a\000l}{section.10}% 57
